timestamp: 2016-07-29T12:25:32.848362
CREATE TABLE auth_user(
    id INTEGER PRIMARY KEY AUTOINCREMENT,
    first_name CHAR(128),
    last_name CHAR(128),
    email CHAR(512),
    password CHAR(512),
    registration_key CHAR(512),
    reset_password_key CHAR(512),
    registration_id CHAR(512)
);
success!
timestamp: 2016-07-29T12:25:32.886408
CREATE TABLE auth_group(
    id INTEGER PRIMARY KEY AUTOINCREMENT,
    role CHAR(512),
    description TEXT
);
success!
timestamp: 2016-07-29T12:25:32.922132
CREATE TABLE auth_membership(
    id INTEGER PRIMARY KEY AUTOINCREMENT,
    user_id INTEGER REFERENCES auth_user (id) ON DELETE CASCADE  ,
    group_id INTEGER REFERENCES auth_group (id) ON DELETE CASCADE  
);
success!
timestamp: 2016-07-29T12:25:32.952407
CREATE TABLE auth_permission(
    id INTEGER PRIMARY KEY AUTOINCREMENT,
    group_id INTEGER REFERENCES auth_group (id) ON DELETE CASCADE  ,
    name CHAR(512),
    table_name CHAR(512),
    record_id INTEGER
);
success!
timestamp: 2016-07-29T12:25:33.005911
CREATE TABLE auth_event(
    id INTEGER PRIMARY KEY AUTOINCREMENT,
    time_stamp TIMESTAMP,
    client_ip CHAR(512),
    user_id INTEGER REFERENCES auth_user (id) ON DELETE CASCADE  ,
    origin CHAR(512),
    description TEXT
);
success!
timestamp: 2016-07-29T12:25:33.033540
CREATE TABLE auth_cas(
    id INTEGER PRIMARY KEY AUTOINCREMENT,
    user_id INTEGER REFERENCES auth_user (id) ON DELETE CASCADE  ,
    created_on TIMESTAMP,
    service CHAR(512),
    ticket CHAR(512),
    renew CHAR(1)
);
success!
timestamp: 2016-07-29T12:29:29.115032
CREATE TABLE book(
    id INTEGER PRIMARY KEY AUTOINCREMENT,
    code CHAR(512),
    title CHAR(512),
    author CHAR(512),
    year CHAR(512)
);
success!
timestamp: 2016-07-29T12:32:33.674725
CREATE TABLE books(
    id INTEGER PRIMARY KEY AUTOINCREMENT,
    code CHAR(512),
    title CHAR(512),
    author CHAR(512),
    year CHAR(512)
);
success!
timestamp: 2016-07-29T13:32:51.882866
ALTER TABLE books ADD created_on TIMESTAMP;
success!
